500
833 134
161 669
511 901
377 265
23 164
15 236
17 958
754 724
884 417
89 916
654 589
548 492
337 576
220 797
439 781
602 735
986 296
482 428
721 641
902 790
872 448
569 111
139 128
63 191
87 522
422 930
720 788
832 457
10 605
165 901
421 748
458 374
400 863
603 923
867 989
973 614
942 0
470 18
128 569
90 636
12 952
786 832
894 525
886 383
538 554
647 634
802 644
983 325
833 4
562 0
173 9
44 396
366 854
255 43
127 205
107 346
376 968
616 883
147 292
14 535
401 973
929 823
391 72
332 234
293 941
487 515
382 324
349 629
869 834
982 775
529 949
997 826
986 765
786 62
293 494
204 957
747 855
862 608
798 227
411 740
696 984
996 870
416 397
500 811
764 883
769 464
620 281
490 433
633 693
977 499
968 140
481 57
628 924
751 738
815 596
466 163
626 930
853 908
683 813
616 892
634 879
914 316
563 520
981 602
861 187
873 951
958 413
936 25
154 49
89 91
66 142
3 334
3 932
900 877
906 861
196 50
141 115
797 428
225 138
186 213
131 484
53 931
919 561
339 216
17 931
202 939
139 124
92 107
39 183
568 794
154 32
484 933
820 921
344 174
422 995
583 726
634 226
364 75
314 465
313 877
633 763
330 596
280 871
475 981
333 124
83 361
197 553
112 351
352 970
856 987
956 170
425 98
2 131
50 323
551 899
426 353
207 174
11 666
160 898
562 837
819 494
295 548
279 587
636 969
912 967
437 123
358 171
557 938
976 551
954 100
634 11
30 373
330 742
270 638
140 789
690 905
244 354
140 677
474 726
232 569
635 953
609 492
559 569
671 829
952 356
883 111
745 69
339 446
680 320
486 98
263 790
394 988
710 969
797 933
876 832
978 472
960 205
886 326
986 165
624 42
570 937
821 892
608 156
435 315
440 496
667 421
899 95
480 10
990 761
915 349
515 86
530 751
919 659
875 104
537 37
566 527
829 557
506 36
760 844
868 902
956 304
763 939
933 960
957 573
844 289
784 325
990 279
951 35
757 13
224 16
30 54
71 269
127 412
334 693
159 421
99 777
87 931
528 954
266 21
171 52
10 506
211 682
525 892
415 487
225 888
181 982
350 783
179 850
610 888
621 582
223 147
32 297
298 368
122 272
30 950
131 350
17 952
308 84
40 234
278 640
72 283
6 485
490 525
421 382
231 787
518 770
703 701
860 563
321 379
17 294
445 774
115 57
21 231
181 494
181 134
105 818
364 851
90 512
382 932
80 51
27 28
30 717
57 524
2 39
46 500
443 954
433 620
325 98
71 468
228 705
346 100
43 699
120 949
188 975
390 682
9 659
458 873
358 493
205 993
773 959
934 805
567 621
908 872
853 437
483 176
237 29
11 143
476 314
42 11
73 789
123 862
224 920
390 829
304 460
58 22
49 563
281 996
672 555
373 229
228 437
170 862
744 857
327 84
139 505
614 955
715 898
343 299
305 878
483 289
42 640
155 732
336 819
560 865
375 291
353 497
775 762
324 198
335 793
486 898
697 794
921 414
729 157
290 946
428 818
729 471
364 434
783 945
818 904
577 393
530 782
761 354
347 63
491 743
811 939
996 917
965 586
857 313
711 244
624 219
936 859
840 606
574 93
459 100
763 443
559 189
506 202
830 398
900 177
761 23
253 486
716 541
42 261
144 743
232 826
151 159
33 303
125 686
462 431
479 412
84 630
21 784
314 757
438 618
274 189
131 973
333 303
255 321
163 660
637 873
566 657
291 925
806 728
460 436
570 815
776 483
385 625
658 984
797 788
340 84
538 647
599 819
668 813
972 762
972 292
684 90
691 137
957 985
999 595
708 57
378 0
27 362
412 887
299 222
258 282
107 936
677 763
756 652
675 481
482 662
715 708
793 235
560 236
857 813
989 338
539 109
456 393
550 379
542 376
499 490
868 842
930 881
988 367
902 97
764 34
624 62
491 574
568 746
786 954
507 197
720 797
882 805
970 647
839 417
516 81
918 993
951 947
911 499
593 126
555 921
829 732
933 653
776 171
522 59
370 315
537 784
601 467
551 432
689 865
729 846
730 661
619 444
492 317
926 763
771 97
750 43
365 227
378 434
398 639
850 852
681 157
735 641
969 610
886 312
820 116
425 190
856 987
990 249
964 49
581 209
526 413
873 956
980 91
714 573
996 899
981 199
681 500
902 556
919 421
699 270
871 528
981 596
950 127
388 25
875 281
984 270
996 152
914 124
506 15
325 0
320 0
