5154
379 255
390 27
11 93
409 586
863 305
738 174
169 6
242 928
941 894
519 794
697 974
429 103
75 1
16 316
63 371
354 688
290 191
34 515
9 566
76 960
746 838
353 477
207 346
388 787
525 859
669 824
10 27
63 587
236 910
273 213
159 46
50 267
41 595
71 677
306 946
353 582
293 185
251 216
235 813
384 860
788 804
460 425
134 565
97 886
248 895
988 680
192 63
664 900
461 476
142 169
1 337
39 567
330 274
198 302
189 932
325 537
188 906
338 895
158 488
74 965
476 794
437 333
199 860
405 864
751 514
406 568
431 723
744 993
959 864
953 487
639 896
976 779
550 515
597 613
734 720
861 481
451 305
777 658
941 809
765 198
724 143
826 930
920 997
608 412
705 797
760 813
931 854
936 699
753 399
726 735
740 714
628 304
118 649
305 660
129 539
121 717
294 581
270 51
110 813
513 939
348 571
166 632
468 866
424 486
329 301
250 986
415 858
535 684
434 623
431 842
750 956
715 553
507 188
574 724
582 406
533 511
759 534
993 266
761 69
443 493
500 841
849 693
905 628
902 495
735 165
562 554
853 768
849 26
603 514
656 869
751 816
992 404
829 197
559 591
961 810
962 688
764 102
403 35
455 92
791 323
623 189
746 367
943 638
907 451
787 256
961 682
973 63
372 71
966 472
751 52
665 12
572 9
188 15
174 30
77 191
232 878
521 525
133 81
88 218
370 957
229 51
53 470
183 759
246 823
299 530
201 674
200 778
639 562
283 192
119 100
9 173
342 621
199 60
185 61
6 433
66 582
310 627
268 329
85 865
321 986
813 837
802 372
141 11
8 85
8 536
168 188
130 58
54 238
371 786
204 333
104 403
15 604
72 974
481 873
24 323
92 619
817 782
636 569
358 261
7 775
878 584
56 151
423 813
557 940
921 573
284 101
160 183
97 533
301 747
699 594
117 199
61 162
255 808
135 200
145 368
982 938
204 122
19 461
302 885
438 930
385 396
92 411
53 929
534 758
910 516
121 517
128 818
581 998
401 518
89 210
77 752
631 990
992 547
200 276
299 658
762 839
725 121
182 315
161 502
174 777
843 869
877 641
761 213
304 966
916 296
463 388
259 621
718 851
967 493
782 747
744 928
881 503
675 292
581 272
978 657
952 18
462 71
61 162
47 695
348 924
383 862
433 620
141 138
85 657
682 782
972 342
193 319
146 958
809 889
582 728
283 953
721 684
140 509
538 864
369 221
466 610
884 941
945 929
781 454
616 811
971 455
548 237
696 773
998 530
932 244
732 23
330 458
254 973
716 536
994 185
469 704
698 926
743 546
714 264
276 726
638 923
824 806
871 626
970 210
940 194
694 68
402 422
347 603
629 909
880 766
559 355
345 443
765 887
758 574
378 781
999 986
819 401
594 346
312 285
542 906
903 676
935 204
911 152
844 41
616 8
480 978
693 888
825 822
713 330
713 418
742 221
568 93
442 303
793 822
843 837
991 123
595 131
342 196
850 759
328 125
642 841
936 750
781 219
728 123
653 43
748 701
982 161
920 130
804 871
960 540
688 370
762 425
993 305
408 50
707 460
864 570
968 628
684 168
683 279
861 612
912 362
924 228
914 148
656 44
636 555
897 806
866 644
445 248
818 922
912 707
880 281
634 90
481 185
873 421
889 263
728 106
858 682
968 372
774 67
737 404
863 365
902 176
558 278
804 390
839 284
479 94
889 381
980 381
975 214
430 30
637 188
764 205
914 143
869 1
1 4
38 722
341 493
262 407
42 858
499 976
837 837
662 381
56 601
74 797
214 905
777 814
542 526
683 760
779 829
7 182
0 202
214 602
850 404
155 123
111 133
152 944
162 21
18 149
91 504
327 806
911 862
134 132
62 147
60 673
934 875
69 143
40 413
8 851
146 984
280 402
56 691
28 815
465 952
164 155
60 44
4 224
21 451
276 571
252 513
71 448
28 821
715 571
138 472
263 751
178 188
119 470
416 627
327 397
277 302
75 827
687 952
712 749
207 424
820 966
636 486
268 140
196 590
310 931
668 478
463 361
718 985
873 481
425 253
808 943
492 124
189 144
146 475
143 948
213 1
70 589
96 619
80 114
5 408
133 684
294 877
497 689
98 480
80 895
415 884
942 434
34 17
21 256
72 488
132 43
65 135
6 981
98 558
25 726
223 991
238 122
34 48
19 359
152 970
424 493
130 574
5 752
628 366
79 390
68 563
202 194
135 325
74 574
86 978
231 963
602 731
229 116
38 317
106 791
554 866
560 604
206 101
236 284
432 877
584 491
390 157
152 601
620 978
250 89
118 237
165 861
950 660
461 312
26 932
906 845
525 400
59 322
848 491
818 461
301 499
100 902
248 987
625 976
224 266
88 978
402 601
13 118
498 885
724 886
2 94
24 777
357 954
31 555
56 710
871 962
821 887
116 174
32 815
210 95
128 54
285 941
472 396
204 148
88 406
148 951
302 939
490 407
185 521
77 899
256 568
257 134
146 642
272 660
325 286
229 78
439 962
685 603
279 28
73 827
132 990
181 919
356 634
339 544
83 935
519 719
225 452
141 602
695 855
248 620
458 914
852 423
453 313
238 289
177 606
501 724
349 430
204 698
370 839
637 955
455 484
41 762
191 798
790 406
190 398
126 940
366 937
937 821
625 312
144 649
519 883
317 485
176 688
142 901
153 907
790 631
109 691
393 918
895 292
414 648
611 861
982 952
986 548
449 682
339 910
547 922
698 880
454 306
347 144
121 982
544 985
976 941
883 722
444 384
690 771
972 583
973 327
712 247
450 711
980 664
975 247
530 236
989 905
931 419
466 269
942 485
872 354
444 215
750 879
693 603
360 450
771 649
706 399
456 247
520 453
566 470
909 454
484 309
764 600
991 807
602 188
678 518
752 781
903 701
406 264
845 881
664 374
666 763
970 937
716 360
666 449
889 281
963 74
950 12
848 7
869 715
950 722
108 647
221 884
336 691
166 820
987 947
403 396
172 635
172 811
591 935
507 552
365 480
249 963
991 578
437 309
504 505
927 624
507 339
32 595
451 798
870 271
638 268
34 815
451 499
170 668
143 755
585 848
543 764
289 403
177 896
513 895
357 505
357 901
486 987
966 693
316 596
672 658
667 346
555 291
408 527
980 891
608 247
838 988
973 554
979 236
925 50
677 18
62 890
295 840
318 562
223 954
489 425
334 652
594 779
811 675
498 389
431 462
513 886
653 636
393 186
381 176
652 640
969 821
832 411
769 224
788 555
815 724
889 807
998 321
948 201
829 88
306 5
389 740
744 843
951 530
384 70
277 713
512 544
282 107
206 805
337 934
613 732
322 413
603 895
866 974
966 592
932 459
398 36
373 159
291 635
345 880
442 614
217 768
349 836
716 638
324 223
525 989
648 976
385 542
502 824
679 248
309 206
373 996
828 667
634 683
427 854
700 746
688 488
276 565
419 989
582 995
771 798
964 136
470 427
690 949
734 689
575 279
440 342
940 955
972 640
694 156
632 325
659 482
805 900
952 839
921 492
697 173
518 52
769 366
950 402
904 117
580 32
431 51
858 178
970 199
898 49
863 24
419 707
693 616
976 177
346 193
971 313
369 9
581 767
432 66
429 832
573 905
904 994
947 70
267 147
387 837
728 782
805 638
487 135
301 866
856 547
323 22
470 577
584 747
908 847
769 306
562 163
513 182
744 312
953 118
888 56
729 39
608 204
881 277
867 226
808 56
427 4
372 54
388 96
689 186
762 27
293 722
827 964
898 968
968 453
984 285
712 286
720 423
983 360
412 50
539 412
842 401
900 172
812 117
360 210
544 907
653 976
478 388
360 264
396 325
600 638
940 901
912 214
854 156
675 20
497 89
695 712
975 476
585 517
830 931
919 710
909 423
813 328
414 120
862 386
969 325
896 336
916 344
980 351
808 221
589 77
623 181
712 214
617 65
353 9
868 331
980 232
912 210
609 204
885 257
982 247
474 22
569 206
952 278
975 179
607 204
917 423
951 294
362 19
776 455
891 487
959 290
319 4
853 326
769 3
656 390
908 718
985 568
779 137
545 149
484 218
852 448
807 17
764 90
971 524
975 88
360 14
850 500
963 395
874 231
717 40
579 262
863 471
935 268
948 208
704 97
664 80
453 74
545 109
983 258
541 40
451 24
851 114
977 98
987 47
569 0
31 1
24 32
24 991
446 722
328 547
74 783
608 994
895 429
26 90
62 882
764 961
134 223
15 954
309 475
202 94
30 48
44 568
174 978
243 102
158 182
296 761
210 51
30 43
349 871
476 888
769 889
336 178
193 35
34 751
786 449
842 261
104 662
59 811
91 876
564 901
255 225
121 950
584 877
283 242
238 279
61 979
486 873
170 61
42 216
313 871
359 957
67 85
259 659
223 69
91 525
449 729
793 869
347 187
154 995
646 508
478 258
740 852
867 503
62 27
108 472
694 748
44 240
15 277
0 771
528 703
371 50
8 585
57 853
98 14
10 95
10 873
227 927
280 187
266 42
96 965
460 698
385 409
270 94
217 465
385 804
557 507
390 493
704 902
272 31
13 739
167 856
976 977
346 268
155 268
138 328
506 783
156 302
14 801
332 912
254 322
171 657
180 810
232 961
473 812
524 394
22 24
17 712
921 744
207 129
61 77
249 618
663 867
131 121
61 306
96 560
317 699
749 569
279 692
995 843
229 520
707 923
541 273
105 83
32 123
515 957
538 938
496 674
298 157
227 101
85 353
341 496
391 383
127 94
395 501
146 17
106 72
511 419
753 505
209 30
13 272
32 692
181 829
184 247
39 259
29 479
325 371
161 187
36 435
55 834
374 902
757 434
449 475
637 885
235 1
34 7
7 67
26 667
246 725
198 33
19 991
311 786
271 232
160 637
256 452
105 391
97 826
234 676
236 210
13 316
403 844
393 225
121 54
477 674
822 597
286 191
246 849
833 451
501 282
160 291
77 604
640 804
223 537
64 677
96 884
222 36
151 88
336 975
255 42
27 469
257 604
145 247
8 144
266 716
276 486
186 100
95 182
3 493
8 701
93 752
436 806
264 286
29 995
601 591
524 632
490 820
606 703
529 700
168 997
769 680
672 607
169 648
555 960
99 139
274 858
516 890
269 290
31 527
541 589
336 445
57 546
27 651
639 885
447 480
161 698
645 929
187 409
109 823
717 837
689 646
107 236
737 783
461 323
396 527
985 821
460 323
692 872
807 634
584 437
176 181
222 915
688 713
687 347
580 427
777 317
748 282
312 224
931 682
609 253
372 480
382 609
470 541
25 361
0 556
175 907
44 53
2 108
89 423
81 36
20 286
401 952
223 339
123 261
14 370
131 637
104 100
37 135
114 409
646 949
760 767
203 335
73 599
296 232
76 37
76 333
110 495
689 624
641 436
180 669
191 865
409 955
273 565
115 305
67 931
153 110
31 264
151 919
265 925
323 690
133 195
88 763
399 616
429 495
76 368
549 944
566 415
63 421
146 527
997 487
623 328
94 596
352 947
129 435
148 718
178 938
487 881
155 80
30 846
613 997
564 583
229 135
6 287
780 773
75 284
48 575
921 920
65 478
493 721
406 391
174 4
36 16
123 661
153 456
145 16
4 36
126 456
131 146
44 32
286 932
187 38
172 23
41 609
196 135
168 82
63 210
71 960
259 191
53 337
29 828
353 553
76 28
39 196
198 954
138 82
21 230
520 763
240 119
12 409
57 916
458 451
67 31
9 46
53 519
667 692
341 243
142 518
28 969
709 835
222 133
17 515
367 974
253 226
235 333
655 948
255 320
33 668
52 914
354 689
388 352
205 173
121 168
134 896
212 203
22 394
181 952
779 657
670 203
314 80
141 125
215 471
375 434
278 97
292 965
352 797
127 157
121 944
435 705
116 681
384 971
713 878
358 328
133 326
271 640
404 192
197 152
114 224
249 872
618 330
467 204
214 468
873 751
864 661
227 723
984 806
238 137
74 454
120 525
196 631
195 354
23 444
426 748
360 445
89 25
59 894
685 940
90 29
395 611
240 19
20 191
483 747
504 706
102 180
317 959
592 825
255 230
101 293
84 886
372 773
21 793
716 825
287 313
130 277
360 997
636 975
883 829
288 128
76 427
125 738
303 892
833 758
483 425
51 252
822 927
521 533
147 77
407 505
979 906
894 757
723 586
414 474
66 764
843 397
478 189
863 765
733 410
238 5
178 134
58 666
679 873
111 77
627 911
701 486
47 563
500 997
629 685
348 164
174 180
306 741
459 268
36 193
75 758
440 776
320 307
38 634
917 816
496 415
787 860
612 440
60 106
805 992
968 707
482 682
941 865
742 390
473 191
653 400
660 315
193 162
872 898
957 788
870 530
342 154
158 852
821 615
127 678
957 887
657 337
183 989
817 673
971 508
766 334
179 490
102 857
860 337
585 223
264 578
873 355
223 8
75 13
9 200
61 910
195 113
133 339
210 642
206 431
160 119
18 423
537 771
254 221
431 776
389 514
252 194
125 99
41 226
34 799
478 597
46 234
141 604
672 869
873 381
185 178
249 486
278 394
153 135
61 408
133 879
377 961
572 898
180 385
122 320
35 813
253 716
642 460
229 49
68 988
346 577
232 235
258 822
263 45
100 428
125 798
230 669
92 476
260 840
253 164
206 923
656 726
801 633
101 445
115 776
654 932
311 168
282 543
283 612
694 932
372 525
142 349
59 633
557 883
177 481
163 571
442 804
999 688
623 285
567 857
968 552
530 585
790 969
499 128
374 780
622 684
732 84
158 11
14 53
8 256
80 727
162 685
333 193
149 130
110 756
208 642
184 387
155 177
144 790
260 26
98 135
64 720
151 824
200 651
269 12
46 271
171 521
291 754
82 146
48 693
345 325
233 244
70 751
144 968
628 939
395 580
55 756
576 838
724 661
324 360
241 838
334 501
175 292
17 258
588 990
456 274
340 142
571 661
658 650
544 638
843 995
722 450
180 852
424 946
425 557
222 138
50 460
402 993
72 290
23 988
870 959
179 36
161 639
669 622
183 50
176 651
957 514
175 10
13 32
79 952
221 958
460 404
123 53
67 33
741 970
551 432
213 53
139 25
14 918
997 908
174 173
18 170
7 636
147 785
79 416
26 413
345 716
4 70
127 715
10 64
26 350
294 436
213 175
101 217
34 719
257 661
111 241
209 965
161 447
124 478
13 652
307 718
238 288
61 763
179 972
461 706
186 595
103 624
481 933
771 877
179 671
44 838
545 747
492 604
287 160
269 462
406 257
161 277
108 999
706 556
204 309
156 393
122 487
956 980
669 603
106 284
23 291
284 635
254 144
59 758
222 898
366 424
264 402
704 979
88 1
70 2
56 139
527 785
135 29
128 25
130 197
804 884
447 495
17 55
42 412
157 113
76 47
183 887
464 814
266 237
106 676
106 819
340 820
427 626
398 512
11 204
244 949
659 816
479 442
84 278
23 823
339 904
234 334
174 20
59 82
249 920
947 826
428 230
53 50
171 873
947 857
147 86
132 221
441 538
645 389
129 432
49 574
178 783
923 556
326 101
128 18
27 206
622 618
226 20
47 615
416 290
252 167
10 876
200 808
233 19
177 527
224 209
67 398
155 759
180 23
23 460
7 873
516 496
208 220
57 129
335 718
205 349
110 167
48 199
5 627
308 598
232 598
137 776
226 992
512 617
365 279
120 584
32 825
51 915
86 435
90 362
62 757
351 790
508 339
207 584
178 643
495 976
76 77
49 99
0 140
64 744
185 123
98 119
130 388
173 664
558 917
225 85
116 181
20 362
12 789
171 847
2 83
51 782
107 157
32 731
186 889
211 27
90 173
214 657
117 133
56 245
22 785
890 828
209 191
18 666
477 952
675 376
149 8
24 551
36 642
160 23
6 167
11 884
128 542
219 136
66 90
5 615
927 823
254 57
133 238
245 547
150 165
37 607
141 995
976 302
49 774
220 919
338 811
15 375
53 915
124 235
74 333
70 431
949 850
225 124
81 312
90 640
197 39
83 98
203 376
459 957
246 326
28 687
301 723
239 203
229 757
388 990
234 202
38 70
329 927
443 918
789 681
576 416
37 110
543 882
271 22
260 516
942 995
151 78
671 802
773 785
827 680
156 60
19 605
811 691
528 429
113 825
486 943
745 683
406 439
411 773
416 539
324 289
298 285
198 531
313 755
489 749
206 38
201 880
666 717
341 195
37 478
662 934
366 448
524 965
748 936
417 268
130 137
184 905
692 428
539 302
93 33
595 856
558 592
198 79
618 804
247 17
22 294
28 947
567 897
165 12
168 635
449 367
305 126
78 61
799 903
497 177
168 332
49 822
412 853
554 392
194 22
118 16
249 815
188 376
94 53
133 305
618 933
515 415
22 80
87 757
608 425
221 383
719 993
360 196
73 228
915 961
70 190
610 698
566 409
395 214
752 892
951 989
660 364
353 484
923 354
311 303
234 852
983 775
58 382
60 397
780 526
276 356
781 932
698 170
183 58
344 612
995 513
106 131
859 835
829 634
398 135
136 559
959 561
512 218
129 592
730 489
260 44
444 782
961 522
391 160
120 540
982 865
271 1
386 690
565 134
100 484
271 606
875 639
440 120
279 107
109 854
913 779
173 280
246 884
827 652
26 426
963 831
987 461
578 275
172 986
895 368
511 202
172 613
889 474
941 452
845 188
571 291
246 981
865 420
66 446
965 639
773 425
191 613
130 792
879 490
60 179
120 858
949 391
430 69
13 262
94 311
908 533
498 106
273 196
741 322
660 247
206 78
215 518
389 915
983 282
407 35
218 296
774 934
207 51
130 9
815 672
502 271
172 46
11 55
21 296
250 367
289 188
69 69
44 132
189 264
186 12
30 46
56 444
370 652
134 177
31 229
222 643
221 95
131 23
2 71
149 546
348 703
436 631
478 494
38 113
285 875
400 810
314 295
108 150
303 805
446 881
616 873
391 592
233 939
741 623
34 142
120 950
473 991
666 847
729 760
240 602
107 632
187 944
417 960
519 671
280 317
241 340
5 504
465 938
347 409
114 711
299 775
181 668
36 759
956 571
337 144
352 934
446 860
470 684
55 483
471 994
370 251
123 277
37 703
672 964
984 943
332 424
392 847
586 843
990 476
451 139
116 814
82 963
384 776
437 507
401 626
809 569
289 244
136 859
200 956
554 681
575 411
173 9
88 24
352 587
241 42
51 49
23 164
15 236
74 908
778 835
916 753
884 574
365 140
105 977
651 545
88 557
104 863
588 789
745 614
94 308
308 882
531 693
187 414
17 958
590 582
140 190
90 661
146 911
504 160
12 952
206 924
889 791
903 427
436 149
138 522
958 682
878 472
691 254
97 100
107 346
290 818
534 172
111 777
277 929
942 320
738 275
37 343
88 360
329 408
627 94
154 49
147 979
464 495
66 142
3 334
14 381
349 746
235 151
10 695
110 856
596 619
235 161
3 932
655 640
297 491
86 516
254 978
196 50
155 882
499 523
220 52
240 967
456 281
154 32
89 750
276 617
127 205
169 762
179 821
139 124
52 809
227 954
543 548
125 62
190 986
999 741
401 374
35 511
303 789
368 719
533 497
153 141
39 183
301 957
257 128
260 653
282 967
372 587
112 351
476 879
762 672
449 293
286 823
352 970
717 852
30 54
50 323
224 16
53 109
71 269
160 898
948 694
529 106
1 165
17 294
49 438
92 512
246 7
80 51
339 846
399 385
165 91
27 28
9 584
612 762
229 258
205 287
18 864
643 902
22 154
11 143
471 960
117 31
42 11
105 218
184 81
167 69
215 292
434 828
237 29
58 22
14 658
526 722
180 271
160 257
0 302
613 875
744 612
293 224
231 383
155 826
510 545
151 559
960 976
154 236
73 276
81 396
149 973
203 975
299 858
64 405
17 952
575 724
491 607
255 301
96 446
322 589
53 334
19 383
57 828
268 766
266 241
250 247
140 789
345 423
184 425
43 699
107 927
319 542
305 422
4 994
674 691
389 381
172 348
365 909
487 378
149 340
161 894
847 818
578 530
210 336
611 756
428 483
463 951
518 480
397 254
275 519
607 527
268 85
191 609
514 825
591 702
295 548
737 780
723 430
387 140
126 827
554 932
688 768
442 313
166 719
331 980
141 679
239 876
736 537
37 693
949 945
117 540
89 916
609 451
87 522
551 939
335 97
157 925
651 606
347 433
10 605
512 498
365 200
180 351
90 636
71 780
165 901
286 788
238 732
147 955
258 782
345 300
30 373
452 591
27 229
275 749
862 871
181 134
28 865
557 695
223 147
218 269
198 833
494 843
549 731
265 120
34 422
174 790
249 147
6 485
570 937
591 737
173 578
74 543
18 710
264 979
217 399
30 717
351 833
799 974
361 184
209 373
72 770
247 923
432 457
251 307
88 782
334 875
262 594
228 593
97 657
288 809
705 841
262 159
21 231
558 965
297 380
186 213
131 484
559 970
368 252
225 138
236 776
551 922
773 494
36 600
85 881
255 850
372 345
211 116
44 396
183 470
117 360
46 500
22 819
181 587
153 566
17 861
82 990
739 729
379 477
490 994
410 537
257 335
154 871
779 800
183 542
112 952
181 845
254 459
66 932
276 619
215 566
360 928
699 614
76 407
38 441
42 625
574 457
259 23
76 752
449 818
226 359
11 475
91 777
338 976
151 649
38 935
501 865
196 295
46 956
177 802
172 472
104 845
412 829
166 675
119 750
485 785
872 622
226 546
136 963
465 522
301 272
296 857
424 885
976 972
274 21
328 990
357 746
278 219
267 647
304 493
256 652
336 950
347 959
840 853
361 380
483 946
483 494
117 704
174 989
832 989
433 290
225 218
132 457
126 831
194 984
666 960
630 812
350 327
467 867
630 935
684 636
312 64
319 253
405 592
638 958
701 991
458 251
245 567
290 823
624 922
784 915
375 791
655 996
669 576
403 880
941 826
410 218
428 839
924 914
770 205
428 223
558 586
773 685
621 548
603 573
809 804
991 928
923 353
726 289
639 328
912 628
780 431
672 528
840 788
968 916
908 519
115 57
37 466
702 104
139 231
2 516
215 945
226 967
272 407
173 157
59 205
142 623
386 385
57 524
341 851
884 505
122 78
91 512
499 440
338 219
168 911
777 654
540 320
203 157
19 503
55 821
990 701
116 450
46 702
679 886
435 390
22 472
40 884
181 942
654 873
776 678
366 314
255 275
123 862
405 746
990 314
151 159
210 913
242 325
51 746
359 894
271 440
254 848
783 916
335 227
114 812
755 904
215 564
107 936
311 445
149 651
120 949
978 736
430 386
458 873
756 486
728 293
576 253
418 371
403 861
904 661
195 184
127 412
477 967
334 439
236 734
238 828
321 870
503 649
318 264
560 949
942 865
313 349
528 954
633 281
318 170
211 682
782 989
339 234
331 232
289 870
434 546
179 850
473 814
514 532
433 720
703 989
335 100
319 281
323 460
377 733
679 462
489 289
863 718
662 235
627 343
552 893
661 603
683 346
345 43
319 69
504 298
944 750
816 84
193 681
171 886
714 899
866 772
384 319
343 777
638 339
235 295
260 606
589 979
426 540
238 469
417 856
658 617
360 151
800 972
754 594
686 587
305 878
898 885
750 528
355 214
343 299
404 776
885 781
785 530
630 396
464 542
999 640
506 403
228 764
439 793
742 138
492 185
555 921
976 476
428 146
375 291
355 949
466 959
800 926
391 604
428 818
637 873
491 274
378 434
385 625
807 905
975 766
499 137
641 699
991 461
944 459
636 969
710 969
926 781
936 527
491 413
754 961
648 548
558 844
607 705
333 303
587 732
950 952
382 324
465 522
425 190
429 285
466 926
988 263
421 382
858 766
740 116
335 343
743 647
384 369
529 949
567 260
338 112
212 367
149 894
679 979
845 792
486 511
389 460
254 746
428 940
927 887
823 790
563 641
521 978
818 997
784 802
567 570
819 942
482 428
320 520
521 515
534 267
406 624
394 853
926 656
398 140
373 164
423 742
720 889
677 248
435 136
377 265
654 983
966 901
862 733
335 674
204 957
669 975
392 365
409 752
502 511
210 763
983 951
788 525
586 182
416 428
225 888
692 979
697 567
368 102
337 316
341 590
720 512
294 267
353 450
570 815
510 323
352 293
685 855
923 676
456 298
612 438
688 263
659 182
481 160
980 646
777 136
508 279
777 581
946 660
664 214
561 100
377 183
566 657
673 631
298 368
420 838
535 731
624 149
365 107
242 681
326 754
542 868
645 714
397 435
376 991
721 610
369 161
306 160
785 389
333 124
449 410
996 752
602 205
401 297
313 877
753 631
142 860
205 993
987 404
662 254
316 697
237 849
224 920
286 966
794 948
984 522
977 497
929 485
550 400
560 865
952 814
839 260
598 295
351 499
274 917
779 163
334 84
232 826
567 980
288 64
177 988
475 981
612 751
446 535
557 938
579 991
675 731
403 428
340 682
867 997
973 438
890 450
797 573
664 885
965 860
712 355
701 501
950 539
750 454
403 497
987 644
865 448
620 863
996 766
875 151
518 696
972 932
887 506
397 128
596 310
415 104
856 987
982 775
606 455
714 573
948 434
811 345
309 81
829 732
982 822
370 315
729 846
917 946
814 649
385 18
571 652
856 180
738 75
460 436
713 898
526 261
483 289
818 904
816 699
756 562
701 454
755 918
726 453
386 154
685 633
914 316
410 127
367 174
727 779
941 425
989 191
310 39
631 513
871 562
403 304
924 981
787 710
704 565
367 158
572 941
652 956
828 659
673 413
469 124
976 890
815 225
466 218
857 813
500 247
800 820
961 820
881 657
842 686
713 814
965 853
966 853
639 187
306 57
552 916
629 504
630 385
580 338
524 329
748 797
994 828
643 444
929 823
997 497
974 428
692 25
597 202
651 329
897 185
615 68
389 192
938 766
814 263
500 67
469 218
652 847
707 881
865 765
831 679
512 103
529 578
690 934
736 488
704 353
620 491
995 166
852 69
520 258
486 280
681 492
880 645
756 445
695 401
959 673
569 216
873 956
791 354
619 152
617 157
618 286
725 616
994 323
979 70
958 81
611 348
772 567
760 261
708 400
742 519
911 704
975 677
871 219
370 71
743 486
877 467
934 194
704 180
904 299
967 313
767 62
417 38
958 555
969 275
691 137
899 308
658 70
639 159
944 325
902 171
523 192
715 392
816 403
727 147
711 203
978 472
745 69
420 77
787 277
486 98
591 276
965 224
362 73
656 377
716 417
964 546
958 138
621 71
706 233
926 490
986 165
718 185
901 426
830 69
733 229
879 276
946 106
632 191
637 275
921 414
915 349
812 71
506 36
673 285
970 259
978 122
724 251
736 257
737 220
667 198
839 260
966 277
990 249
971 238
501 74
894 286
984 316
649 94
925 305
833 134
530 105
936 145
517 69
815 152
843 94
548 39
543 54
999 55
943 9
470 2
102 413
606 656
247 423
933 984
821 652
154 85
85 187
0 852
455 891
338 269
174 113
42 927
509 847
255 295
71 815
278 857
92 471
104 638
432 501
159 68
73 496
166 72
50 274
207 453
86 307
45 908
351 274
163 569
393 768
291 525
301 973
436 689
266 885
807 977
872 630
131 657
830 917
567 414
72 172
1 854
680 956
837 951
164 450
107 721
487 931
271 466
146 630
72 970
739 985
543 407
367 375
363 486
522 612
714 508
173 57
23 879
637 522
112 506
39 930
637 987
896 663
711 322
688 410
703 661
931 819
820 502
676 235
229 731
905 527
450 150
102 379
465 989
793 583
393 512
673 856
403 184
164 457
98 735
124 917
297 870
226 562
181 463
77 774
390 927
875 958
197 794
88 994
923 967
163 451
48 438
611 855
707 835
270 186
135 339
23 998
956 990
542 403
476 796
480 865
989 557
30 221
537 644
604 310
527 376
123 741
710 491
78 470
92 599
960 714
406 164
596 745
979 523
132 448
815 732
697 366
244 536
599 918
693 426
418 45
41 461
200 812
613 324
300 621
633 959
703 837
460 577
585 762
536 435
94 616
544 893
814 678
411 190
638 889
614 687
155 731
73 813
614 753
445 400
327 238
426 933
869 862
516 218
200 149
220 342
689 453
570 381
175 377
184 887
264 862
713 624
400 193
103 861
721 979
683 618
550 475
345 757
971 743
277 20
12 862
923 856
703 318
203 649
660 548
540 447
275 680
746 909
414 548
650 883
872 681
412 570
225 997
821 941
697 444
244 98
81 668
710 877
252 116
246 125
61 697
950 796
53 516
36 549
51 779
136 843
610 688
255 400
197 490
39 810
320 699
841 215
175 602
462 783
413 40
254 191
696 178
796 142
167 358
75 635
136 923
457 862
569 521
358 284
249 492
711 468
251 233
322 677
576 800
478 577
299 221
240 890
255 914
506 750
456 557
301 711
227 855
652 922
339 93
327 287
551 890
603 973
845 870
823 638
815 578
662 406
406 249
808 954
629 380
632 539
703 760
747 481
634 507
882 997
949 394
800 241
429 75
431 152
460 281
775 501
548 113
721 495
858 659
986 372
522 635
856 690
884 576
686 100
478 180
740 733
860 263
487 395
999 853
670 493
556 525
901 813
904 331
430 237
908 845
956 431
877 170
471 54
423 575
455 745
822 834
492 285
704 675
918 343
558 320
831 828
953 856
616 142
343 99
444 209
911 677
960 600
375 52
509 298
794 566
963 600
551 299
994 714
960 428
527 167
978 496
710 105
291 8
987 836
954 209
577 201
947 390
503 119
965 712
935 462
716 175
606 216
936 430
820 74
759 326
872 333
869 128
868 332
920 325
828 150
552 201
997 197
339 28
845 236
991 44
773 7
728 0
8 126
89 999
131 414
149 72
48 813
101 873
402 727
322 528
3 241
184 440
253 323
257 212
183 46
11 812
238 171
80 270
3 639
63 721
324 901
234 581
143 537
50 983
168 700
192 319
50 586
104 626
893 877
202 90
27 201
331 675
38 170
15 736
249 916
149 135
46 334
242 594
92 101
8 616
328 510
236 75
62 162
108 349
264 817
218 194
146 224
32 651
79 884
278 921
645 971
717 524
486 448
26 605
453 981
177 176
329 873
539 882
305 217
77 661
101 902
458 982
954 703
393 905
884 781
759 626
437 301
18 451
465 955
998 979
130 197
308 789
398 140
128 508
118 889
317 805
129 166
53 341
526 791
621 765
270 290
431 702
589 603
109 745
330 930
677 630
224 157
8 591
156 923
631 732
606 592
69 114
3 726
196 905
521 914
179 53
78 126
313 697
531 580
215 463
875 897
666 582
141 186
89 237
196 947
236 980
386 732
264 29
296 687
338 923
842 713
666 325
333 185
242 877
448 754
776 339
320 260
304 969
848 898
910 749
757 295
282 584
319 685
764 883
444 399
370 546
435 523
415 405
455 851
532 959
754 952
471 300
508 812
740 669
918 535
780 212
647 152
380 233
676 960
859 468
559 478
710 816
779 860
983 907
817 423
623 211
396 289
700 918
773 799
375 307
386 462
435 845
800 758
984 644
652 201
666 876
837 667
347 151
437 440
504 340
453 272
341 587
611 874
898 840
327 164
471 503
644 684
753 357
468 288
331 582
978 959
448 447
429 781
770 974
660 544
593 509
467 561
770 908
934 865
975 814
864 343
628 111
390 61
504 422
979 791
786 234
392 108
404 127
616 445
865 618
991 450
689 172
532 159
941 912
788 245
460 212
411 211
783 773
589 110
613 433
951 213
557 189
701 395
954 387
825 370
827 537
904 647
927 401
552 138
643 294
996 304
372 48
706 209
974 183
971 35
788 13
657 0
366 358
926 981
560 260
444 427
251 772
760 931
409 336
442 818
452 396
329 273
589 705
713 565
529 561
656 849
844 350
727 155
331 830
345 943
750 948
941 719
339 407
351 997
854 587
977 376
307 135
223 267
74 786
285 916
392 850
747 469
745 464
348 561
325 950
401 973
491 682
325 700
565 939
527 619
279 587
405 743
830 830
309 612
770 894
985 860
583 230
511 665
593 542
378 119
736 832
985 883
950 171
373 76
663 257
858 312
904 297
993 67
728 28
365 4
346 664
842 236
289 684
191 835
216 976
651 973
545 713
113 563
265 794
580 843
611 846
261 655
764 941
860 903
798 728
541 433
321 499
605 866
588 396
240 80
74 363
906 541
254 140
109 186
298 623
831 968
371 428
78 543
11 666
272 600
105 417
16 407
643 997
684 724
57 646
185 786
587 984
843 964
917 923
418 224
140 677
227 835
201 548
14 535
97 870
542 893
150 267
141 666
283 902
717 797
233 511
51 991
695 738
936 305
616 432
519 700
951 851
216 158
146 680
902 425
827 224
298 858
941 228
441 402
748 684
758 564
261 155
87 931
238 941
224 528
99 777
528 910
350 150
10 506
12 666
789 923
317 205
132 987
885 706
122 532
387 998
274 170
270 638
382 932
720 882
358 171
297 320
290 946
887 991
479 412
263 437
260 718
296 970
258 282
155 732
610 918
529 375
258 918
973 427
771 292
557 440
545 709
590 177
422 899
484 933
946 960
660 462
458 669
445 774
685 977
550 544
455 983
952 933
758 452
513 201
571 510
853 815
864 652
461 462
579 904
828 738
977 593
894 398
678 429
774 822
809 221
444 84
399 744
530 992
773 942
862 354
502 261
952 937
990 24
848 11
426 956
817 995
885 817
540 357
689 583
872 742
874 743
909 19
641 3
281 63
342 515
531 573
412 389
687 820
614 374
299 353
465 872
789 905
812 458
304 459
520 839
530 655
356 458
324 880
515 980
385 652
265 394
187 408
190 989
743 691
469 531
662 720
570 515
367 145
293 84
459 409
864 805
877 596
339 216
310 464
499 721
731 936
451 428
410 641
394 988
760 736
408 260
332 234
541 555
423 272
399 241
462 625
607 588
982 192
426 427
231 787
622 947
912 431
478 274
837 828
861 776
681 578
407 547
73 789
892 815
574 566
438 643
820 803
579 443
343 133
562 837
594 286
294 23
253 486
978 614
303 62
616 892
845 369
485 537
482 662
995 196
309 808
760 844
495 247
297 949
297 962
716 895
702 549
261 519
181 982
538 986
902 790
959 558
512 364
327 432
267 850
432 988
700 921
891 746
472 645
583 845
682 897
731 906
980 792
922 399
292 21
295 171
506 918
944 830
330 596
354 994
627 604
400 638
304 735
676 779
196 532
82 669
642 692
235 346
300 994
902 784
342 324
312 317
232 569
170 862
977 741
939 463
225 342
339 483
753 930
972 421
156 468
131 973
902 887
435 91
178 276
121 474
139 505
590 487
232 211
174 873
281 996
373 279
180 819
347 883
445 657
258 35
179 632
355 850
764 883
239 294
454 946
646 553
446 820
540 976
667 583
508 787
932 808
461 259
607 527
869 834
898 771
550 360
510 316
538 569
631 936
667 940
727 114
271 61
280 301
367 814
353 497
322 665
498 958
744 857
993 374
464 339
681 466
435 315
613 847
590 644
325 98
358 205
422 340
821 892
518 76
395 858
819 494
368 676
399 754
763 939
365 227
584 788
775 762
819 734
291 34
364 434
567 891
324 198
350 783
915 843
364 166
428 789
600 887
865 896
677 622
546 442
451 465
690 905
810 807
457 821
583 990
797 428
529 447
443 954
723 679
409 620
401 974
525 892
642 290
451 327
370 499
542 825
703 329
602 254
568 794
680 320
660 221
499 794
703 701
507 647
489 750
535 969
912 967
876 607
506 300
997 826
742 281
398 639
873 910
687 494
462 382
291 925
773 959
908 872
919 561
335 154
390 829
619 696
482 396
310 337
563 876
728 878
634 344
446 216
522 780
982 303
497 429
454 847
812 979
320 59
315 74
617 894
701 970
784 999
895 189
344 174
786 954
850 852
851 354
373 229
429 567
734 887
626 444
587 342
657 807
860 972
868 415
711 445
724 732
797 933
918 993
950 983
990 761
712 443
538 412
957 573
633 225
498 107
310 55
697 794
933 872
914 564
432 257
563 520
643 618
959 225
635 304
844 633
876 640
566 338
387 303
867 585
924 294
481 69
542 376
994 726
681 242
744 431
915 362
451 125
865 937
711 271
476 314
972 762
730 323
593 308
933 653
999 595
885 51
830 631
957 985
994 660
755 498
609 492
986 765
620 281
867 989
949 669
806 73
392 98
994 591
991 259
960 205
732 116
388 25
953 347
899 95
391 93
861 514
491 168
829 557
911 499
621 152
488 111
650 260
857 364
539 94
722 404
837 389
518 217
955 572
989 338
451 27
878 428
937 156
702 195
700 238
904 721
956 304
965 72
876 112
915 777
981 596
793 155
743 324
902 556
875 253
781 94
574 93
930 285
939 69
770 23
755 22
783 42
900 18
938 5
929 1
550 350
840 995
956 701
879 504
548 209
297 538
997 650
227 315
190 583
317 988
668 220
288 51
235 757
556 986
895 975
484 245
128 558
234 894
600 913
243 427
256 802
394 866
788 603
793 540
811 301
260 991
489 999
852 986
629 537
389 405
810 969
979 775
651 179
213 910
509 911
542 745
514 790
537 797
642 604
672 335
483 243
430 307
866 711
923 105
327 721
981 985
228 456
186 952
761 960
979 378
176 325
38 832
593 833
502 503
137 386
114 429
428 849
309 324
162 339
249 710
614 856
745 481
423 455
141 754
366 902
498 950
964 446
351 287
598 833
537 574
585 838
647 901
913 492
621 349
532 449
500 908
994 709
351 122
709 538
986 508
476 195
911 469
927 316
940 127
640 435
889 972
974 995
334 98
331 644
426 577
632 404
493 209
431 589
757 830
375 433
259 572
263 826
281 873
888 583
606 191
471 127
677 868
859 91
349 381
651 982
344 232
187 627
380 863
739 944
996 996
958 415
306 127
381 908
786 908
710 391
645 343
503 388
538 964
884 835
631 251
395 377
325 520
904 927
652 307
358 967
694 896
662 185
334 315
776 620
412 215
739 762
653 548
452 760
780 879
828 777
618 224
513 997
683 779
375 141
549 550
981 399
300 42
656 829
829 223
491 523
863 793
772 241
483 146
400 342
576 673
801 421
330 58
611 738
768 640
397 150
480 560
668 943
896 903
607 258
368 300
775 936
868 633
688 270
594 388
638 497
888 810
965 803
973 750
468 54
487 264
678 396
925 472
957 409
500 163
859 760
559 50
365 101
743 746
945 667
565 145
569 329
957 779
741 183
548 267
835 373
513 81
647 270
700 323
958 223
604 85
844 235
948 293
983 9
657 3
499 486
559 543
360 63
294 850
562 592
328 129
171 638
143 783
293 941
902 978
533 152
469 211
465 811
857 418
388 287
508 954
735 554
337 148
626 930
424 216
445 571
608 917
604 693
506 763
531 965
707 938
537 220
207 947
636 561
446 206
779 975
898 922
847 68
320 284
924 750
787 485
266 46
190 790
634 944
996 718
731 352
627 260
403 138
831 565
921 391
842 159
424 228
673 735
741 641
613 424
478 600
748 989
468 315
428 334
688 900
840 969
818 687
502 433
551 899
726 704
500 287
457 796
833 759
495 109
615 971
944 716
786 183
308 183
540 947
894 984
939 648
943 445
551 370
840 860
950 927
875 699
752 588
974 847
701 138
628 405
874 492
502 229
772 618
958 388
885 237
390 57
395 114
538 171
975 276
937 149
650 91
636 245
737 500
894 568
964 290
809 145
683 90
555 134
903 226
946 40
937 21
915 15
891 609
972 188
945 125
424 16
303 3
334 943
832 705
603 190
460 306
753 849
977 779
999 754
982 232
703 190
460 323
882 894
967 135
633 304
690 832
868 913
964 473
862 301
516 60
791 291
679 182
404 157
857 396
766 130
536 84
928 208
985 21
826 4
341 599
391 689
679 501
329 252
400 506
766 790
850 838
733 726
310 442
296 592
349 966
445 611
358 759
717 571
304 460
228 705
616 921
404 705
443 772
438 618
385 200
422 995
938 902
879 836
569 629
328 573
658 984
769 464
372 713
490 770
873 579
354 155
916 923
851 587
676 273
329 950
667 756
843 500
814 482
956 681
978 674
893 408
650 31
578 21
385 997
924 988
447 290
677 764
842 741
470 162
755 646
888 765
969 628
989 557
480 133
696 773
916 751
964 505
482 357
605 949
904 811
974 699
822 365
462 257
381 245
431 487
879 895
879 816
472 230
414 832
939 916
850 633
335 153
361 379
617 715
896 719
661 277
426 519
639 956
950 598
972 568
996 326
962 195
809 32
737 23
531 4
494 165
893 555
959 284
598 204
973 393
835 28
564 7
927 876
972 777
913 176
512 23
715 801
596 161
439 110
595 666
768 791
683 537
593 538
985 932
701 355
350 841
627 857
386 312
403 391
627 942
872 884
809 331
489 243
988 591
969 349
517 180
916 352
939 312
726 395
826 519
971 538
924 138
845 40
831 34
608 17
534 596
721 540
983 287
291 78
429 408
748 526
503 323
801 765
686 326
416 708
991 847
617 156
415 151
440 308
628 760
894 933
899 452
692 339
480 231
999 906
956 512
569 111
514 467
752 639
915 678
911 60
422 7
638 337
967 717
939 474
723 592
899 556
647 385
750 456
875 297
718 54
714 451
981 239
984 51
740 17
599 819
970 647
490 525
715 898
552 199
595 680
878 715
945 514
425 98
689 865
862 970
949 493
377 179
581 543
725 772
996 917
468 205
551 432
802 929
930 881
492 386
787 882
882 805
609 124
564 210
605 522
977 499
608 156
590 198
825 296
508 100
540 495
812 878
797 540
664 417
919 659
831 538
735 641
801 605
761 354
619 444
851 630
969 610
825 184
529 368
996 899
976 130
507 197
919 421
987 75
485 21
574 281
977 649
996 187
816 77
532 124
993 299
673 38
440 199
791 746
941 751
687 439
631 950
996 753
544 364
737 789
962 878
968 397
914 472
719 946
906 800
714 414
580 275
820 938
832 457
538 436
908 528
971 297
791 128
771 458
901 760
954 334
945 112
595 36
429 308
591 562
957 927
830 53
823 44
591 16
497 169
918 834
834 266
638 154
821 665
771 450
465 159
355 654
411 740
764 883
576 518
293 494
744 962
616 568
491 215
447 690
809 132
541 403
545 483
689 439
471 107
738 970
996 870
815 596
492 142
487 515
709 709
805 698
328 58
683 813
880 339
538 554
747 855
973 614
515 366
534 432
565 518
850 238
683 348
635 707
875 777
737 735
734 953
940 873
983 325
654 224
428 169
798 308
875 238
512 561
753 616
608 429
913 904
758 163
733 811
908 878
661 503
854 889
987 303
855 202
372 51
825 693
848 379
853 247
499 260
927 659
463 132
895 768
996 861
976 328
892 55
766 18
403 2
396 117
498 498
654 797
856 908
977 432
769 360
575 303
444 382
496 530
773 763
928 723
895 546
522 217
623 431
805 436
865 279
738 164
740 322
807 455
907 534
931 49
813 32
414 4
981 602
991 246
878 5
604 1
535 78
933 176
840 15
649 73
518 852
567 890
600 873
867 727
846 522
743 232
731 224
481 472
731 833
667 329
445 208
940 765
957 654
902 294
423 172
848 610
980 377
350 51
642 224
979 402
851 98
766 23
743 46
871 562
936 531
980 168
863 54
749 42
746 695
840 612
901 520
690 523
645 628
868 842
871 411
362 39
664 519
810 713
947 690
952 471
936 266
879 15
763 33
965 861
911 320
512 446
889 793
926 797
724 345
772 949
888 411
396 212
857 749
824 427
716 143
610 89
711 266
980 87
523 164
796 224
974 103
898 34
664 13
680 429
924 591
398 101
685 422
660 389
775 585
857 674
929 323
854 213
539 109
804 398
977 74
579 1
872 657
930 145
865 11
768 111
636 389
789 306
903 206
968 140
669 101
817 329
972 238
927 146
615 56
805 505
865 508
886 326
884 230
847 173
742 214
871 264
714 73
685 118
622 348
936 572
939 246
885 202
522 66
753 389
976 321
627 44
507 22
725 158
971 223
939 10
769 54
993 75
845 48
672 28
579 161
824 355
449 58
464 175
731 460
958 467
971 147
610 32
683 262
984 270
996 152
914 124
506 15
325 0
545 240
652 305
984 321
956 179
751 7
582 199
946 347
897 117
552 27
789 443
987 602
872 177
567 341
957 720
984 173
907 89
643 27
496 238
732 473
952 356
925 340
559 211
842 619
924 644
953 493
896 60
810 3
381 26
737 228
615 92
395 107
741 563
942 694
944 646
948 485
894 525
992 556
663 207
840 530
869 523
990 279
951 35
752 18
882 467
950 290
936 25
807 17
447 81
809 636
871 553
534 167
806 728
944 660
630 46
357 88
878 461
483 176
427 172
851 596
916 509
949 389
597 4
812 534
998 300
395 47
946 575
681 135
603 99
920 281
943 112
630 45
418 4
768 290
702 110
555 71
631 147
993 236
909 99
723 10
625 34
850 175
787 13
817 548
862 130
795 56
700 99
792 120
867 62
638 35
886 461
977 338
974 30
335 57
698 369
956 413
972 182
939 54
592 12
538 232
800 121
524 208
570 234
531 186
966 729
888 293
765 209
581 209
720 317
735 176
644 48
311 6
836 594
997 308
547 33
318 32
624 219
955 310
925 172
895 52
873 43
500 193
736 320
810 311
900 177
761 23
676 161
830 398
941 168
958 50
751 1
370 82
968 530
904 302
852 189
828 138
776 172
954 100
634 11
649 128
669 184
878 549
975 160
845 37
547 44
435 82
918 346
849 28
737 265
892 83
745 140
994 163
842 33
600 17
595 34
892 248
961 153
562 25
796 161
904 130
955 36
840 19
758 94
734 158
817 28
378 0
466 41
755 53
681 25
509 116
768 123
883 111
722 8
602 46
786 62
684 38
933 255
836 57
553 39
878 182
940 120
986 43
851 91
810 242
985 141
942 0
508 79
921 246
720 27
728 70
882 196
934 17
615 100
845 56
775 37
920 319
902 97
764 34
498 16
491 43
929 124
838 53
539 9
956 170
997 111
624 42
593 41
818 192
969 229
969 90
830 53
830 212
996 46
480 10
934 211
980 196
808 36
593 126
881 186
875 104
537 37
869 190
858 90
848 41
361 4
834 156
762 83
502 19
984 299
820 116
750 43
595 95
579 119
944 144
978 46
829 53
775 163
923 56
674 95
911 129
964 49
586 25
981 199
989 60
401 38
745 115
760 8
352 3
819 146
943 153
980 105
998 2
737 0
271 0
